{
  "numFailedTestSuites": 0,
  "numFailedTests": 0,
  "numPassedTestSuites": 2,
  "numPassedTests": 6,
  "numPendingTestSuites": 0,
  "numPendingTests": 0,
  "numRuntimeErrorTestSuites": 0,
  "numTodoTests": 0,
  "numTotalTestSuites": 2,
  "numTotalTests": 6,
  "openHandles": [],
  "snapshot": {
    "added": 0,
    "didUpdate": false,
    "failure": false,
    "filesAdded": 0,
    "filesRemoved": 0,
    "filesRemovedList": [],
    "filesUnmatched": 0,
    "filesUpdated": 0,
    "matched": 0,
    "total": 0,
    "unchecked": 0,
    "uncheckedKeysByFile": [],
    "unmatched": 0,
    "updated": 0
  },
  "startTime": 1577101615075,
  "success": true,
  "testResults": [
    {
      "failureMessage": null,
      "numFailingTests": 0,
      "numPassingTests": 1,
      "numPendingTests": 0,
      "numTodoTests": 0,
      "perfStats": {
        "end": 1577101616649,
        "start": 1577101616050
      },
      "snapshot": {
        "added": 0,
        "fileDeleted": false,
        "matched": 0,
        "unchecked": 0,
        "unmatched": 0,
        "updated": 0,
        "uncheckedKeys": []
      },
      "testFilePath": "/home/smit/public_html/nextpro/tests/pages/index.test.js",
      "testResults": [
        {
          "ancestorTitles": [
            "Pages"
          ],
          "duration": 15,
          "failureMessages": [],
          "fullName": "Pages Index page says, Hello world",
          "location": null,
          "numPassingAsserts": 0,
          "status": "passed",
          "title": "Index page says, Hello world"
        }
      ],
      "skipped": false,
      "leaks": false
    },
    {
      "failureMessage": null,
      "numFailingTests": 0,
      "numPassingTests": 5,
      "numPendingTests": 0,
      "numTodoTests": 0,
      "perfStats": {
        "end": 1577101626188,
        "start": 1577101616063
      },
      "snapshot": {
        "added": 0,
        "fileDeleted": false,
        "matched": 0,
        "unchecked": 0,
        "unmatched": 0,
        "updated": 0,
        "uncheckedKeys": []
      },
      "testFilePath": "/home/smit/public_html/nextpro/app/server/graph/todo/todo.test.js",
      "testResults": [
        {
          "ancestorTitles": [
            "Todo testing suit"
          ],
          "duration": 124,
          "failureMessages": [],
          "fullName": "Todo testing suit [Todo:] Should create a todo",
          "location": null,
          "numPassingAsserts": 0,
          "status": "passed",
          "title": "[Todo:] Should create a todo"
        },
        {
          "ancestorTitles": [
            "Todo testing suit"
          ],
          "duration": 28,
          "failureMessages": [],
          "fullName": "Todo testing suit [Todo:] Should get specific todo",
          "location": null,
          "numPassingAsserts": 0,
          "status": "passed",
          "title": "[Todo:] Should get specific todo"
        },
        {
          "ancestorTitles": [
            "Todo testing suit"
          ],
          "duration": 25,
          "failureMessages": [],
          "fullName": "Todo testing suit [Todo:] Should update specific todo",
          "location": null,
          "numPassingAsserts": 0,
          "status": "passed",
          "title": "[Todo:] Should update specific todo"
        },
        {
          "ancestorTitles": [
            "Todo testing suit"
          ],
          "duration": 17,
          "failureMessages": [],
          "fullName": "Todo testing suit [Todo:] Should delete a specific todo",
          "location": null,
          "numPassingAsserts": 0,
          "status": "passed",
          "title": "[Todo:] Should delete a specific todo"
        },
        {
          "ancestorTitles": [
            "Todo testing suit"
          ],
          "duration": 12,
          "failureMessages": [],
          "fullName": "Todo testing suit [Todo:] Should return empty todo",
          "location": null,
          "numPassingAsserts": 0,
          "status": "passed",
          "title": "[Todo:] Should return empty todo"
        }
      ],
      "skipped": false,
      "leaks": false
    }
  ],
  "wasInterrupted": false
}